Arguments: 
  C:\Program Files\nodejs\node.exe C:\Users\jolmosmo\AppData\Roaming\npm\node_modules\yarn\bin\yarn.js add --dev electron

PATH: 
  C:\Program Files (x86)\Common Files\Oracle\Java\javapath;C:\Program Files\AdoptOpenJDK\jdk-15.0.0.36-hotspot\bin;C:\WINDOWS\system32;C:\WINDOWS;C:\WINDOWS\System32\Wbem;C:\WINDOWS\System32\WindowsPowerShell\v1.0\;C:\WINDOWS\System32\OpenSSH\;C:\Program Files\dotnet\;C:\Program Files\Microsoft SQL Server\130\Tools\Binn\;C:\Program Files\Microsoft SQL Server\Client SDK\ODBC\170\Tools\Binn\;C:\Program Files\nodejs\;C:\Program Files\Microsoft\Web Platform Installer\;C:\Program Files\Amazon\AWSCLIV2\;C:\Program Files\PuTTY\;C:\Program Files\Docker\Docker\resources\bin;C:\ProgramData\DockerDesktop\version-bin;C:\Users\jolmosmo\AppData\Local\Programs\Python\Python310\Scripts\;C:\Users\jolmosmo\AppData\Local\Programs\Python\Python310\;C:\Users\jolmosmo\AppData\Local\Microsoft\WindowsApps;C:\Users\jolmosmo\AppData\Local\Programs\Microsoft VS Code\bin;C:\Users\jolmosmo\.dotnet\tools;C:\Users\jolmosmo\AppData\Local\Programs\Git\cmd;C:\Users\jolmosmo\AppData\Roaming\npm

Yarn version: 
  1.22.10

Node version: 
  14.16.1

Platform: 
  win32 x64

Trace: 
  SyntaxError: C:\JoseProj\register-entry-node\package.json: Unexpected token } in JSON at position 525
      at JSON.parse (<anonymous>)
      at C:\Users\jolmosmo\AppData\Roaming\npm\node_modules\yarn\lib\cli.js:1625:59
      at Generator.next (<anonymous>)
      at step (C:\Users\jolmosmo\AppData\Roaming\npm\node_modules\yarn\lib\cli.js:310:30)
      at C:\Users\jolmosmo\AppData\Roaming\npm\node_modules\yarn\lib\cli.js:321:13

npm manifest: 
  {
    "name": "register-entry-node",
    "version": "1.0.0",
    "description": "register employees app",
    "main": "electron-start.js",
    "author": "Juan.Gallego/Jose.Olmos/Airam.Perez/Alejandro.Peña",
    "license": "MIT",
    "scripts": {
      "start": "electron ."
    },
    "repository": {
      "type": "git",
      "url": "git+https://github.com/Joolmo/register-entry-node.git"
    },
    "bugs": {
      "url": "https://github.com/Joolmo/register-entry-node/issues"
    },
    "homepage": "https://github.com/Joolmo/register-entry-node#readme",
  }

yarn manifest: 
  No manifest

Lockfile: 
  # THIS IS AN AUTOGENERATED FILE. DO NOT EDIT THIS FILE DIRECTLY.
  # yarn lockfile v1
  
  
  electon@^0.0.1-security:
    version "0.0.1-security"
    resolved "https://registry.yarnpkg.com/electon/-/electon-0.0.1-security.tgz#cfcf44fb115b1a500b1cc75993daf475e99dd0de"
    integrity sha512-vSE9AP5q6RhkWRcvEFgUBGo6AYjV6qF65FzyKQ3JqRBwTcJmcXiXaiBrsFUlTPpLem2rLQf1p+R7SMgGZwwAxA==
